{
  "comments": [
    {
      "unresolved": false,
      "key": {
        "uuid": "92f8fb6f_a0843d14",
        "filename": "/PATCHSET_LEVEL",
        "patchSetId": 3
      },
      "lineNbr": 0,
      "author": {
        "id": 44628
      },
      "writtenOn": "2023-05-25T21:53:34Z",
      "side": 1,
      "message": "\u003e https://ci.eclipse.org/egit/job/egit.gerrit/2865/ : FAILURE\n\nStill the same:\n\n  23:09:49  21:09:49 [ERROR] Cannot resolve project dependencies:\n  23:09:49  21:09:49 [ERROR]   Software being installed: org.eclipse.egit.repository raw:6.7.0.\u0027SNAPSHOT\u0027/format(n[.n\u003d0;[.n\u003d0;[-S]]]):6.7.0-SNAPSHOT\n  23:09:49  21:09:49 [ERROR]   Missing requirement: org.eclipse.egit.repository raw:6.7.0.\u0027SNAPSHOT\u0027/format(n[.n\u003d0;[.n\u003d0;[-S]]]):6.7.0-SNAPSHOT requires \u0027org.eclipse.equinox.p2.iu; org.eclipse.egit.source.feature.group 0.0.0\u0027 but it could not be found\n\nAnother tycho bug? Does it work locally? Does it work with eager resolution in tycho?",
      "revId": "350902bb74ab00cb982c1f830baab116106190e6",
      "serverId": "97ee7c02-f12f-4043-b43e-dea463d88b31"
    },
    {
      "unresolved": false,
      "key": {
        "uuid": "f68c4de5_9e88acfe",
        "filename": "/PATCHSET_LEVEL",
        "patchSetId": 3
      },
      "lineNbr": 0,
      "author": {
        "id": 4
      },
      "writtenOn": "2023-05-25T22:43:09Z",
      "side": 1,
      "message": "the build succeeded locally on my Mac, though I have some failing tests in IndexDiffCacheTest which I can\u0027t run in Eclipse, there they fail with \n\njava.lang.Exception: No tests found matching [{ExactMatcher:fDisplayName\u003dtestRemoveIgnoredFile], {ExactMatcher:fDisplayName\u003dtestRemoveIgnoredFile(org.eclipse.egit.core.internal.indexdiff.IndexDiffCacheTest)], {LeadingIdentifierMatcher:fClassName\u003dorg.eclipse.egit.core.internal.indexdiff.IndexDiffCacheTest,fLeadingIdentifier\u003dtestRemoveIgnoredFile]] from org.junit.internal.requests.ClassRequest@58fef7f7\n\tat org.junit.internal.requests.FilterRequest.getRunner(FilterRequest.java:40)\n\tat org.eclipse.jdt.internal.junit4.runner.JUnit4TestLoader.createFilteredTest(JUnit4TestLoader.java:83)\n\tat org.eclipse.jdt.internal.junit4.runner.JUnit4TestLoader.createTest(JUnit4TestLoader.java:74)\n\tat org.eclipse.jdt.internal.junit4.runner.JUnit4TestLoader.loadTests(JUnit4TestLoader.java:49)\n\tat org.eclipse.jdt.internal.junit.runner.RemoteTestRunner.runTests(RemoteTestRunner.java:513)\n\tat org.eclipse.jdt.internal.junit.runner.RemoteTestRunner.runTests(RemoteTestRunner.java:756)\n\tat org.eclipse.jdt.internal.junit.runner.RemoteTestRunner.run(RemoteTestRunner.java:452)\n\tat org.eclipse.pde.internal.junit.runtime.RemotePluginTestRunner.main(RemotePluginTestRunner.java:81)\n\tat org.eclipse.pde.internal.junit.runtime.CoreTestApplication.start(CoreTestApplication.java:28)\n\tat org.eclipse.equinox.internal.app.EclipseAppHandle.run(EclipseAppHandle.java:203)\n\tat org.eclipse.core.runtime.internal.adaptor.EclipseAppLauncher.runApplication(EclipseAppLauncher.java:136)\n\tat org.eclipse.core.runtime.internal.adaptor.EclipseAppLauncher.start(EclipseAppLauncher.java:104)\n\tat org.eclipse.core.runtime.adaptor.EclipseStarter.run(EclipseStarter.java:402)\n\tat org.eclipse.core.runtime.adaptor.EclipseStarter.run(EclipseStarter.java:255)\n\tat java.base/jdk.internal.reflect.NativeMethodAccessorImpl.invoke0(Native Method)\n\tat java.base/jdk.internal.reflect.NativeMethodAccessorImpl.invoke(NativeMethodAccessorImpl.java:77)\n\tat java.base/jdk.internal.reflect.DelegatingMethodAccessorImpl.invoke(DelegatingMethodAccessorImpl.java:43)\n\tat java.base/java.lang.reflect.Method.invoke(Method.java:568)\n\tat org.eclipse.equinox.launcher.Main.invokeFramework(Main.java:659)\n\tat org.eclipse.equinox.launcher.Main.basicRun(Main.java:596)\n\tat org.eclipse.equinox.launcher.Main.run(Main.java:1467)\n\tat org.eclipse.equinox.launcher.Main.main(Main.java:1440)",
      "parentUuid": "92f8fb6f_a0843d14",
      "revId": "350902bb74ab00cb982c1f830baab116106190e6",
      "serverId": "97ee7c02-f12f-4043-b43e-dea463d88b31"
    },
    {
      "unresolved": false,
      "key": {
        "uuid": "e9395bee_26e9a394",
        "filename": "/PATCHSET_LEVEL",
        "patchSetId": 3
      },
      "lineNbr": 0,
      "author": {
        "id": 4
      },
      "writtenOn": "2023-05-25T23:08:22Z",
      "side": 1,
      "message": "I merged stable-6.6 on top of this change and the build succeeded.\nThen I flipped the order of commits and first merged stable-6.6 and then bumped the version to 6.7.0. This the test errors I saw locally, looks like eager resolution helps. Let\u0027s see if this also fixes the build errors in the CI",
      "parentUuid": "f68c4de5_9e88acfe",
      "revId": "350902bb74ab00cb982c1f830baab116106190e6",
      "serverId": "97ee7c02-f12f-4043-b43e-dea463d88b31"
    },
    {
      "unresolved": false,
      "key": {
        "uuid": "b1047dd1_02d4555c",
        "filename": "/PATCHSET_LEVEL",
        "patchSetId": 3
      },
      "lineNbr": 0,
      "author": {
        "id": 44628
      },
      "writtenOn": "2023-05-26T08:09:54Z",
      "side": 1,
      "message": "Looks much better. Seems some tests are newly unstable. Difficult to say why exactly, we\u0027re still running tests on a Java 11 JVM, using the 4.26 target. But we\u0027re using swtbot snapshot; maybe something changed there. For now I\u0027ve just retriggered the job, but in the long run we should investigate this and maybe improve the failing tests.",
      "parentUuid": "e9395bee_26e9a394",
      "revId": "350902bb74ab00cb982c1f830baab116106190e6",
      "serverId": "97ee7c02-f12f-4043-b43e-dea463d88b31"
    }
  ]
}